<?xml version="1.0" encoding="UTF-8"?>
<testng-results skipped="0" failed="0" total="3" passed="3">
  <reporter-output>
  </reporter-output>
  <suite name="Prozo-Web-Automation-Suite" duration-ms="35086" started-at="2021-06-13T12:24:40Z" finished-at="2021-06-13T12:25:15Z">
    <groups>
      <group name="cucumber">
        <method signature="ExtendedTestNGRunner.feature(cucumber.api.testng.CucumberFeatureWrapper)[pri:0, instance:com.prozo.cucumber.tests.RunCucumberFeatures@30a3107a]" name="feature" class="com.github.mkolisnyk.cucumber.runner.ExtendedTestNGRunner"/>
      </group> <!-- cucumber -->
    </groups>
    <test name="Prozo Automation " duration-ms="35086" started-at="2021-06-13T12:24:40Z" finished-at="2021-06-13T12:25:15Z">
      <class name="com.prozo.cucumber.tests.RunCucumberFeatures">
        <test-method status="PASS" signature="beforeSuite()[pri:0, instance:com.prozo.cucumber.tests.RunCucumberFeatures@30a3107a]" name="beforeSuite" is-config="true" duration-ms="7" started-at="2021-06-13T17:54:40Z" finished-at="2021-06-13T17:54:40Z">
          <reporter-output>
          </reporter-output>
        </test-method> <!-- beforeSuite -->
        <test-method status="PASS" signature="setUpClass()[pri:0, instance:com.prozo.cucumber.tests.RunCucumberFeatures@30a3107a]" name="setUpClass" is-config="true" duration-ms="213" started-at="2021-06-13T17:54:40Z" finished-at="2021-06-13T17:54:40Z">
          <reporter-output>
          </reporter-output>
        </test-method> <!-- setUpClass -->
        <test-method status="PASS" signature="feature(cucumber.api.testng.CucumberFeatureWrapper)[pri:0, instance:com.prozo.cucumber.tests.RunCucumberFeatures@30a3107a]" name="feature" duration-ms="11850" started-at="2021-06-13T17:54:40Z" description="Runs Cucumber Feature" data-provider="features" finished-at="2021-06-13T17:54:52Z">
          <params>
            <param index="0">
              <value>
                <![CDATA[Verify createItems button in Item Sub menu]]>
              </value>
            </param>
          </params>
          <reporter-output>
          </reporter-output>
        </test-method> <!-- feature -->
        <test-method status="PASS" signature="feature(cucumber.api.testng.CucumberFeatureWrapper)[pri:0, instance:com.prozo.cucumber.tests.RunCucumberFeatures@30a3107a]" name="feature" duration-ms="5452" started-at="2021-06-13T17:54:52Z" description="Runs Cucumber Feature" data-provider="features" finished-at="2021-06-13T17:54:57Z">
          <params>
            <param index="0">
              <value>
                <![CDATA[Verify Login for WCMS Portal]]>
              </value>
            </param>
          </params>
          <reporter-output>
          </reporter-output>
        </test-method> <!-- feature -->
        <test-method status="PASS" signature="feature(cucumber.api.testng.CucumberFeatureWrapper)[pri:0, instance:com.prozo.cucumber.tests.RunCucumberFeatures@30a3107a]" name="feature" duration-ms="17022" started-at="2021-06-13T17:54:57Z" description="Runs Cucumber Feature" data-provider="features" finished-at="2021-06-13T17:55:14Z">
          <params>
            <param index="0">
              <value>
                <![CDATA[Verify the negative Scenarios for Create Item Page]]>
              </value>
            </param>
          </params>
          <reporter-output>
          </reporter-output>
        </test-method> <!-- feature -->
        <test-method status="PASS" signature="tearDownClass()[pri:0, instance:com.prozo.cucumber.tests.RunCucumberFeatures@30a3107a]" name="tearDownClass" is-config="true" duration-ms="475" started-at="2021-06-13T17:55:14Z" finished-at="2021-06-13T17:55:15Z">
          <reporter-output>
          </reporter-output>
        </test-method> <!-- tearDownClass -->
      </class> <!-- com.prozo.cucumber.tests.RunCucumberFeatures -->
    </test> <!-- Prozo Automation  -->
  </suite> <!-- Prozo-Web-Automation-Suite -->
</testng-results>
